  model.cpp
  controller.cpp
  Generating Code...
  Compiling...
  view.cpp
  player.cpp
  mushroomGenerator.cpp
  main.cpp
  game.cpp
  display.cpp
  centipedesegment.cpp
  centipedeManager.cpp
  centipede.cpp
  bulletManager.cpp
  bullet.cpp
  Generating Code...
SOIL.lib(image_DXT.obj) : warning LNK4099: PDB 'SOIL.pdb' was not found with 'SOIL.lib(image_DXT.obj)' or at 'C:\Users\Nikolaj\Documents\Repository\Centipede\Debug\SOIL.pdb'; linking object as if no debug info
SOIL.lib(image_helper.obj) : warning LNK4099: PDB 'SOIL.pdb' was not found with 'SOIL.lib(image_helper.obj)' or at 'C:\Users\Nikolaj\Documents\Repository\Centipede\Debug\SOIL.pdb'; linking object as if no debug info
SOIL.lib(SOIL.obj) : warning LNK4099: PDB 'SOIL.pdb' was not found with 'SOIL.lib(SOIL.obj)' or at 'C:\Users\Nikolaj\Documents\Repository\Centipede\Debug\SOIL.pdb'; linking object as if no debug info
SOIL.lib(stb_image_aug.obj) : warning LNK4099: PDB 'SOIL.pdb' was not found with 'SOIL.lib(stb_image_aug.obj)' or at 'C:\Users\Nikolaj\Documents\Repository\Centipede\Debug\SOIL.pdb'; linking object as if no debug info
  Centepede.vcxproj -> C:\Users\Nikolaj\Documents\Repository\Centipede\Debug\Centipede.exe
