c:\users\nikolaj\documents\repository\centipede\centepede\debug\vc140.pdb
c:\users\nikolaj\documents\repository\centipede\centepede\debug\vc140.idb
c:\users\nikolaj\documents\repository\centipede\centepede\debug\bulletmanager.obj
c:\users\nikolaj\documents\repository\centipede\centepede\debug\centipede.obj
c:\users\nikolaj\documents\repository\centipede\centepede\debug\centipedemanager.obj
c:\users\nikolaj\documents\repository\centipede\centepede\debug\centipedesegment.obj
c:\users\nikolaj\documents\repository\centipede\centepede\debug\collisionhandler.obj
c:\users\nikolaj\documents\repository\centipede\centepede\debug\controller.obj
c:\users\nikolaj\documents\repository\centipede\centepede\debug\display.obj
c:\users\nikolaj\documents\repository\centipede\centepede\debug\game.obj
c:\users\nikolaj\documents\repository\centipede\centepede\debug\gameobject.obj
c:\users\nikolaj\documents\repository\centipede\centepede\debug\main.obj
c:\users\nikolaj\documents\repository\centipede\centepede\debug\model.obj
c:\users\nikolaj\documents\repository\centipede\centepede\debug\mushroom.obj
c:\users\nikolaj\documents\repository\centipede\centepede\debug\mushroomgenerator.obj
c:\users\nikolaj\documents\repository\centipede\centepede\debug\player.obj
c:\users\nikolaj\documents\repository\centipede\centepede\debug\bullet.obj
c:\users\nikolaj\documents\repository\centipede\centepede\debug\renderer.obj
c:\users\nikolaj\documents\repository\centipede\centepede\debug\view.obj
c:\users\nikolaj\documents\repository\centipede\debug\centipede.ilk
c:\users\nikolaj\documents\repository\centipede\debug\centipede.exe
c:\users\nikolaj\documents\repository\centipede\debug\centipede.pdb
c:\users\nikolaj\documents\repository\centipede\centepede\debug\centipede.tlog\cl.command.1.tlog
c:\users\nikolaj\documents\repository\centipede\centepede\debug\centipede.tlog\cl.read.1.tlog
c:\users\nikolaj\documents\repository\centipede\centepede\debug\centipede.tlog\cl.write.1.tlog
c:\users\nikolaj\documents\repository\centipede\centepede\debug\centipede.tlog\link.command.1.tlog
c:\users\nikolaj\documents\repository\centipede\centepede\debug\centipede.tlog\link.read.1.tlog
c:\users\nikolaj\documents\repository\centipede\centepede\debug\centipede.tlog\link.write.1.tlog
