c:\users\nikolaj\documents\repository\centipede\centepede\release\vc140.pdb
c:\users\nikolaj\documents\repository\centipede\centepede\release\view.obj
c:\users\nikolaj\documents\repository\centipede\centepede\release\renderer.obj
c:\users\nikolaj\documents\repository\centipede\centepede\release\bullet.obj
c:\users\nikolaj\documents\repository\centipede\centepede\release\player.obj
c:\users\nikolaj\documents\repository\centipede\centepede\release\mushroomgenerator.obj
c:\users\nikolaj\documents\repository\centipede\centepede\release\mushroom.obj
c:\users\nikolaj\documents\repository\centipede\centepede\release\model.obj
c:\users\nikolaj\documents\repository\centipede\centepede\release\main.obj
c:\users\nikolaj\documents\repository\centipede\centepede\release\gameobject.obj
c:\users\nikolaj\documents\repository\centipede\centepede\release\game.obj
c:\users\nikolaj\documents\repository\centipede\centepede\release\display.obj
c:\users\nikolaj\documents\repository\centipede\centepede\release\controller.obj
c:\users\nikolaj\documents\repository\centipede\centepede\release\collisionhandler.obj
c:\users\nikolaj\documents\repository\centipede\centepede\release\centipedesegment.obj
c:\users\nikolaj\documents\repository\centipede\centepede\release\centipedemanager.obj
c:\users\nikolaj\documents\repository\centipede\centepede\release\bulletmanager.obj
c:\users\nikolaj\documents\repository\centipede\release\centipede.exe
c:\users\nikolaj\documents\repository\centipede\release\centipede.ipdb
c:\users\nikolaj\documents\repository\centipede\release\centipede.iobj
c:\users\nikolaj\documents\repository\centipede\release\centipede.pdb
c:\users\nikolaj\documents\repository\centipede\centepede\release\centipede.tlog\cl.command.1.tlog
c:\users\nikolaj\documents\repository\centipede\centepede\release\centipede.tlog\cl.read.1.tlog
c:\users\nikolaj\documents\repository\centipede\centepede\release\centipede.tlog\cl.write.1.tlog
c:\users\nikolaj\documents\repository\centipede\centepede\release\centipede.tlog\link.command.1.tlog
c:\users\nikolaj\documents\repository\centipede\centepede\release\centipede.tlog\link.read.1.tlog
c:\users\nikolaj\documents\repository\centipede\centepede\release\centipede.tlog\link.write.1.tlog
