controller.obj : error LNK2019: unresolved external symbol glfwPollEvents referenced in function "public: void __cdecl Controller::pollEvents(void)" (?pollEvents@Controller@@QEAAXXZ)
display.obj : error LNK2001: unresolved external symbol glfwPollEvents
controller.obj : error LNK2019: unresolved external symbol glfwGetKey referenced in function "public: void __cdecl Controller::pollEvents(void)" (?pollEvents@Controller@@QEAAXXZ)
controller.obj : error LNK2019: unresolved external symbol glfwGetCurrentContext referenced in function "public: void __cdecl Controller::pollEvents(void)" (?pollEvents@Controller@@QEAAXXZ)
view.obj : error LNK2001: unresolved external symbol glfwGetCurrentContext
display.obj : error LNK2019: unresolved external symbol __imp_glewInit referenced in function "public: __cdecl Display::Display(int,int,class std::basic_string<char,struct std::char_traits<char>,class std::allocator<char> > const &)" (??0Display@@QEAA@HHAEBV?$basic_string@DU?$char_traits@D@std@@V?$allocator@D@2@@std@@@Z)
display.obj : error LNK2019: unresolved external symbol glfwInit referenced in function "public: __cdecl Display::Display(int,int,class std::basic_string<char,struct std::char_traits<char>,class std::allocator<char> > const &)" (??0Display@@QEAA@HHAEBV?$basic_string@DU?$char_traits@D@std@@V?$allocator@D@2@@std@@@Z)
display.obj : error LNK2019: unresolved external symbol glfwTerminate referenced in function "public: __cdecl Display::Display(int,int,class std::basic_string<char,struct std::char_traits<char>,class std::allocator<char> > const &)" (??0Display@@QEAA@HHAEBV?$basic_string@DU?$char_traits@D@std@@V?$allocator@D@2@@std@@@Z)
view.obj : error LNK2001: unresolved external symbol glfwTerminate
display.obj : error LNK2019: unresolved external symbol glfwGetPrimaryMonitor referenced in function "public: __cdecl Display::Display(int,int,class std::basic_string<char,struct std::char_traits<char>,class std::allocator<char> > const &)" (??0Display@@QEAA@HHAEBV?$basic_string@DU?$char_traits@D@std@@V?$allocator@D@2@@std@@@Z)
display.obj : error LNK2019: unresolved external symbol glfwWindowHint referenced in function "public: __cdecl Display::Display(int,int,class std::basic_string<char,struct std::char_traits<char>,class std::allocator<char> > const &)" (??0Display@@QEAA@HHAEBV?$basic_string@DU?$char_traits@D@std@@V?$allocator@D@2@@std@@@Z)
display.obj : error LNK2019: unresolved external symbol glfwCreateWindow referenced in function "public: __cdecl Display::Display(int,int,class std::basic_string<char,struct std::char_traits<char>,class std::allocator<char> > const &)" (??0Display@@QEAA@HHAEBV?$basic_string@DU?$char_traits@D@std@@V?$allocator@D@2@@std@@@Z)
display.obj : error LNK2019: unresolved external symbol glfwWindowShouldClose referenced in function "public: void __cdecl Display::Update(void)" (?Update@Display@@QEAAXXZ)
display.obj : error LNK2019: unresolved external symbol glfwMakeContextCurrent referenced in function "public: __cdecl Display::Display(int,int,class std::basic_string<char,struct std::char_traits<char>,class std::allocator<char> > const &)" (??0Display@@QEAA@HHAEBV?$basic_string@DU?$char_traits@D@std@@V?$allocator@D@2@@std@@@Z)
display.obj : error LNK2019: unresolved external symbol glfwSwapBuffers referenced in function "public: void __cdecl Display::Update(void)" (?Update@Display@@QEAAXXZ)
display.obj : error LNK2001: unresolved external symbol __imp_glewExperimental
main.obj : error LNK2019: unresolved external symbol glfwGetTime referenced in function main
renderer.obj : error LNK2001: unresolved external symbol __imp___glewBindBuffer
renderer.obj : error LNK2001: unresolved external symbol __imp___glewBufferData
renderer.obj : error LNK2001: unresolved external symbol __imp___glewGenBuffers
renderer.obj : error LNK2001: unresolved external symbol __imp___glewEnableVertexAttribArray
renderer.obj : error LNK2001: unresolved external symbol __imp___glewVertexAttribPointer
renderer.obj : error LNK2001: unresolved external symbol __imp___glewBindVertexArray
renderer.obj : error LNK2001: unresolved external symbol __imp___glewGenVertexArrays
view.obj : error LNK2019: unresolved external symbol SOIL_load_image referenced in function "private: void __cdecl View::loadSpriteSheet(void)" (?loadSpriteSheet@View@@AEAAXXZ)
view.obj : error LNK2019: unresolved external symbol SOIL_free_image_data referenced in function "private: void __cdecl View::loadSpriteSheet(void)" (?loadSpriteSheet@View@@AEAAXXZ)
view.obj : error LNK2019: unresolved external symbol glfwSetInputMode referenced in function "public: __cdecl View::View(class Model *)" (??0View@@QEAA@PEAVModel@@@Z)
view.obj : error LNK2001: unresolved external symbol __imp___glewAttachShader
view.obj : error LNK2001: unresolved external symbol __imp___glewCompileShader
view.obj : error LNK2001: unresolved external symbol __imp___glewCreateProgram
view.obj : error LNK2001: unresolved external symbol __imp___glewCreateShader
view.obj : error LNK2001: unresolved external symbol __imp___glewDeleteShader
view.obj : error LNK2001: unresolved external symbol __imp___glewGetProgramInfoLog
view.obj : error LNK2001: unresolved external symbol __imp___glewGetProgramiv
view.obj : error LNK2001: unresolved external symbol __imp___glewGetShaderInfoLog
view.obj : error LNK2001: unresolved external symbol __imp___glewGetShaderiv
view.obj : error LNK2001: unresolved external symbol __imp___glewGetUniformLocation
view.obj : error LNK2001: unresolved external symbol __imp___glewLinkProgram
view.obj : error LNK2001: unresolved external symbol __imp___glewShaderSource
view.obj : error LNK2001: unresolved external symbol __imp___glewUniform1f
view.obj : error LNK2001: unresolved external symbol __imp___glewUniform2f
view.obj : error LNK2001: unresolved external symbol __imp___glewUseProgram
view.obj : error LNK2001: unresolved external symbol __imp___glewGenerateMipmap
.\lib\glew32.lib : warning LNK4272: library machine type 'X86' conflicts with target machine type 'x64'
.\lib\glew32s.lib : warning LNK4272: library machine type 'X86' conflicts with target machine type 'x64'
.\lib\glew32mx.lib : warning LNK4272: library machine type 'X86' conflicts with target machine type 'x64'
.\lib\glew32mxs.lib : warning LNK4272: library machine type 'X86' conflicts with target machine type 'x64'
.\lib\glfw3.lib : warning LNK4272: library machine type 'X86' conflicts with target machine type 'x64'
.\lib\glfw3dll.lib : warning LNK4272: library machine type 'X86' conflicts with target machine type 'x64'
.\lib\SDL2.lib : warning LNK4272: library machine type 'X86' conflicts with target machine type 'x64'
.\lib\SDL2main.lib : warning LNK4272: library machine type 'X86' conflicts with target machine type 'x64'
.\lib\SDL2test.lib : warning LNK4272: library machine type 'X86' conflicts with target machine type 'x64'
.\lib\SOIL.lib : warning LNK4272: library machine type 'X86' conflicts with target machine type 'x64'
C:\Users\Nikolaj\Documents\Repository\Centipede\x64\Debug\Centipede.exe : fatal error LNK1120: 40 unresolved externals
